# This is an empty file created to resolve a Docker bind mount issue.
# It ensures that the host path for the app.log volume mount exists as a file.
2025-06-21 02:17:08,878 - upload - INFO - File saved: 20250621_021708_Database1_be.accdb (original: Database1_be.accdb, size: 983040)
2025-06-21 02:17:08,891 - database - ERROR - Failed to connect to Access DB /app/uploads/20250621_021708_Database1_be.accdb: ('01000', "[01000] [unixODBC][Driver Manager]Can't open lib 'Microsoft Access Driver (*.mdb, *.accdb)' : file not found (0) (SQLDriverConnect)")
2025-06-21 02:17:08,891 - database - ERROR - Unexpected error in get_db_connection: Failed to connect to Access database: ('01000', "[01000] [unixODBC][Driver Manager]Can't open lib 'Microsoft Access Driver (*.mdb, *.accdb)' : file not found (0) (SQLDriverConnect)")
2025-06-21 02:17:08,891 - dbviewer - ERROR - Error getting database info for /app/uploads/20250621_021708_Database1_be.accdb: Failed to connect to Access database: ('01000', "[01000] [unixODBC][Driver Manager]Can't open lib 'Microsoft Access Driver (*.mdb, *.accdb)' : file not found (0) (SQLDriverConnect)")
2025-06-21 02:17:08,892 - upload - ERROR - Failed to read database info: 20250621_021708_Database1_be.accdb
2025-06-21 02:17:14,365 - upload - INFO - File saved: 20250621_021714_Car_Database.db (original: Car_Database.db, size: 65536)
2025-06-21 02:17:14,378 - database - INFO - Successfully connected to SQLite DB: /app/uploads/20250621_021714_Car_Database.db
2025-06-21 02:17:14,385 - upload - INFO - Database uploaded successfully: 20250621_021714_Car_Database.db
2025-06-21 02:17:14,426 - database - INFO - Successfully connected to SQLite DB: /app/uploads/20250621_021714_Car_Database.db
2025-06-21 02:17:14,427 - database - INFO - Retrieved 11 tables for database: 20250621_021714_Car_Database.db
2025-06-21 02:17:40,855 - upload - INFO - File saved: 20250621_021740_Database1_be.accdb (original: Database1_be.accdb, size: 983040)
2025-06-21 02:17:40,866 - database - ERROR - Failed to connect to Access DB /app/uploads/20250621_021740_Database1_be.accdb: ('01000', "[01000] [unixODBC][Driver Manager]Can't open lib 'Microsoft Access Driver (*.mdb, *.accdb)' : file not found (0) (SQLDriverConnect)")
2025-06-21 02:17:40,866 - database - ERROR - Unexpected error in get_db_connection: Failed to connect to Access database: ('01000', "[01000] [unixODBC][Driver Manager]Can't open lib 'Microsoft Access Driver (*.mdb, *.accdb)' : file not found (0) (SQLDriverConnect)")
2025-06-21 02:17:40,866 - dbviewer - ERROR - Error getting database info for /app/uploads/20250621_021740_Database1_be.accdb: Failed to connect to Access database: ('01000', "[01000] [unixODBC][Driver Manager]Can't open lib 'Microsoft Access Driver (*.mdb, *.accdb)' : file not found (0) (SQLDriverConnect)")
2025-06-21 02:17:40,866 - upload - ERROR - Failed to read database info: 20250621_021740_Database1_be.accdb
2025-06-21 02:22:50,029 - database - INFO - Successfully connected to SQLite DB: /app/uploads/20250621_021714_Car_Database.db
2025-06-21 02:22:53,999 - upload - INFO - File saved: 20250621_022253_Database1_be.accdb (original: Database1_be.accdb, size: 983040)
2025-06-21 02:22:54,015 - database - ERROR - Failed to connect to Access DB /app/uploads/20250621_022253_Database1_be.accdb: ('01000', "[01000] [unixODBC][Driver Manager]Can't open lib 'Microsoft Access Driver (*.mdb, *.accdb)' : file not found (0) (SQLDriverConnect)")
2025-06-21 02:22:54,015 - database - ERROR - Unexpected error in get_db_connection: Failed to connect to Access database: ('01000', "[01000] [unixODBC][Driver Manager]Can't open lib 'Microsoft Access Driver (*.mdb, *.accdb)' : file not found (0) (SQLDriverConnect)")
2025-06-21 02:22:54,016 - dbviewer - ERROR - Error getting database info for /app/uploads/20250621_022253_Database1_be.accdb: Failed to connect to Access database: ('01000', "[01000] [unixODBC][Driver Manager]Can't open lib 'Microsoft Access Driver (*.mdb, *.accdb)' : file not found (0) (SQLDriverConnect)")
2025-06-21 02:22:54,016 - upload - ERROR - Failed to read database info: 20250621_022253_Database1_be.accdb
2025-06-21 02:22:56,934 - database - INFO - Successfully connected to SQLite DB: /app/uploads/20250621_021714_Car_Database.db
2025-06-21 02:23:04,999 - upload - INFO - File saved: 20250621_022304_Database1_be.accdb (original: Database1_be.accdb, size: 983040)
2025-06-21 02:23:05,015 - database - ERROR - Failed to connect to Access DB /app/uploads/20250621_022304_Database1_be.accdb: ('01000', "[01000] [unixODBC][Driver Manager]Can't open lib 'Microsoft Access Driver (*.mdb, *.accdb)' : file not found (0) (SQLDriverConnect)")
2025-06-21 02:23:05,015 - database - ERROR - Unexpected error in get_db_connection: Failed to connect to Access database: ('01000', "[01000] [unixODBC][Driver Manager]Can't open lib 'Microsoft Access Driver (*.mdb, *.accdb)' : file not found (0) (SQLDriverConnect)")
2025-06-21 02:23:05,016 - dbviewer - ERROR - Error getting database info for /app/uploads/20250621_022304_Database1_be.accdb: Failed to connect to Access database: ('01000', "[01000] [unixODBC][Driver Manager]Can't open lib 'Microsoft Access Driver (*.mdb, *.accdb)' : file not found (0) (SQLDriverConnect)")
2025-06-21 02:23:05,016 - upload - ERROR - Failed to read database info: 20250621_022304_Database1_be.accdb
2025-06-21 02:23:07,272 - database - INFO - Retrieved 11 tables for database: 20250621_021714_Car_Database.db
2025-06-21 02:23:19,760 - upload - INFO - File saved: 20250621_022319_Database1_be.accdb (original: Database1_be.accdb, size: 983040)
2025-06-21 02:23:19,783 - database - ERROR - Failed to connect to Access DB /app/uploads/20250621_022319_Database1_be.accdb: ('01000', "[01000] [unixODBC][Driver Manager]Can't open lib 'Microsoft Access Driver (*.mdb, *.accdb)' : file not found (0) (SQLDriverConnect)")
2025-06-21 02:23:19,783 - database - ERROR - Unexpected error in get_db_connection: Failed to connect to Access database: ('01000', "[01000] [unixODBC][Driver Manager]Can't open lib 'Microsoft Access Driver (*.mdb, *.accdb)' : file not found (0) (SQLDriverConnect)")
2025-06-21 02:23:19,783 - dbviewer - ERROR - Error getting database info for /app/uploads/20250621_022319_Database1_be.accdb: Failed to connect to Access database: ('01000', "[01000] [unixODBC][Driver Manager]Can't open lib 'Microsoft Access Driver (*.mdb, *.accdb)' : file not found (0) (SQLDriverConnect)")
2025-06-21 02:23:19,784 - upload - ERROR - Failed to read database info: 20250621_022319_Database1_be.accdb
2025-06-21 02:25:53,211 - upload - INFO - File saved: 20250621_022553_Database1_be.accdb (original: Database1_be.accdb, size: 983040)
2025-06-21 02:25:53,231 - database - ERROR - Failed to connect to Access DB /app/uploads/20250621_022553_Database1_be.accdb: ('0000', "[0000] Couldn't parse SQL\n (1) (SQLExecDirectW)")
2025-06-21 02:25:53,232 - database - ERROR - Unexpected error in get_db_connection: Failed to connect to Access database: ('0000', "[0000] Couldn't parse SQL\n (1) (SQLExecDirectW)")
2025-06-21 02:25:53,232 - dbviewer - ERROR - Error getting database info for /app/uploads/20250621_022553_Database1_be.accdb: Failed to connect to Access database: ('0000', "[0000] Couldn't parse SQL\n (1) (SQLExecDirectW)")
2025-06-21 02:25:53,233 - upload - ERROR - Failed to read database info: 20250621_022553_Database1_be.accdb
2025-06-21 02:29:10,621 - upload - INFO - File saved: 20250621_022910_Database1_be.accdb (original: Database1_be.accdb, size: 983040)
2025-06-21 02:29:10,644 - database - INFO - Successfully connected to Access DB: /app/uploads/20250621_022910_Database1_be.accdb
2025-06-21 02:29:10,652 - upload - INFO - Database uploaded successfully: 20250621_022910_Database1_be.accdb
2025-06-21 02:29:10,668 - database - WARNING - Cached connection invalid for /app/uploads/20250621_022910_Database1_be.accdb: ('0000', "[0000] Couldn't parse SQL\n (1) (SQLExecDirectW)")
2025-06-21 02:29:10,678 - database - INFO - Successfully connected to Access DB: /app/uploads/20250621_022910_Database1_be.accdb
2025-06-21 02:29:10,697 - database - WARNING - Cached connection invalid for /app/uploads/20250621_022910_Database1_be.accdb: ('0000', "[0000] Couldn't parse SQL\n (1) (SQLExecDirectW)")
2025-06-21 02:29:10,709 - database - INFO - Successfully connected to Access DB: /app/uploads/20250621_022910_Database1_be.accdb
2025-06-21 02:29:10,719 - database - INFO - Retrieved 10 tables for database: 20250621_022910_Database1_be.accdb
2025-06-21 02:29:12,517 - database - WARNING - Cached connection invalid for /app/uploads/20250621_022910_Database1_be.accdb: ('0000', "[0000] Couldn't parse SQL\n (1) (SQLExecDirectW)")
2025-06-21 02:29:12,524 - database - INFO - Successfully connected to Access DB: /app/uploads/20250621_022910_Database1_be.accdb
2025-06-21 02:29:12,550 - dbviewer - ERROR - Error viewing table: can only concatenate str (not "int") to str
2025-06-21 02:29:13,534 - database - INFO - Successfully connected to Access DB: /app/uploads/20250621_022910_Database1_be.accdb
2025-06-21 02:29:13,558 - dbviewer - ERROR - Error viewing table: can only concatenate str (not "int") to str
2025-06-21 02:29:16,979 - database - WARNING - Cached connection invalid for /app/uploads/20250621_022910_Database1_be.accdb: ('0000', "[0000] Couldn't parse SQL\n (1) (SQLExecDirectW)")
2025-06-21 02:29:16,986 - database - INFO - Successfully connected to Access DB: /app/uploads/20250621_022910_Database1_be.accdb
2025-06-21 02:29:17,011 - dbviewer - ERROR - Error viewing table: can only concatenate str (not "int") to str
2025-06-21 02:29:17,882 - database - WARNING - Cached connection invalid for /app/uploads/20250621_022910_Database1_be.accdb: ('0000', "[0000] Couldn't parse SQL\n (1) (SQLExecDirectW)")
2025-06-21 02:29:17,890 - database - INFO - Successfully connected to Access DB: /app/uploads/20250621_022910_Database1_be.accdb
2025-06-21 02:29:17,919 - dbviewer - ERROR - Error viewing table: can only concatenate str (not "int") to str
2025-06-21 02:29:23,746 - upload - INFO - File saved: 20250621_022923_Car_Database.db (original: Car_Database.db, size: 65536)
2025-06-21 02:29:23,765 - database - INFO - Successfully connected to SQLite DB: /app/uploads/20250621_022923_Car_Database.db
2025-06-21 02:29:23,782 - upload - INFO - Database uploaded successfully: 20250621_022923_Car_Database.db
2025-06-21 02:29:23,812 - database - INFO - Successfully connected to Access DB: /app/uploads/20250621_022910_Database1_be.accdb
2025-06-21 02:29:23,842 - database - INFO - Successfully connected to SQLite DB: /app/uploads/20250621_022923_Car_Database.db
2025-06-21 02:29:23,855 - database - INFO - Retrieved 11 tables for database: 20250621_022923_Car_Database.db
2025-06-21 02:29:24,904 - database - INFO - Successfully connected to SQLite DB: /app/uploads/20250621_022923_Car_Database.db
2025-06-21 02:29:31,586 - database - INFO - Successfully connected to Access DB: /app/uploads/20250621_022910_Database1_be.accdb
2025-06-21 02:29:34,239 - database - INFO - Retrieved 11 tables for database: 20250621_022923_Car_Database.db
2025-06-21 02:29:36,644 - database - WARNING - Cached connection invalid for /app/uploads/20250621_022910_Database1_be.accdb: ('0000', "[0000] Couldn't parse SQL\n (1) (SQLExecDirectW)")
2025-06-21 02:29:36,652 - database - INFO - Successfully connected to Access DB: /app/uploads/20250621_022910_Database1_be.accdb
2025-06-21 02:29:36,658 - database - INFO - Retrieved 10 tables for database: 20250621_022910_Database1_be.accdb
2025-06-21 02:32:13,951 - database - INFO - Successfully connected to SQLite DB: /app/uploads/20250621_022923_Car_Database.db
2025-06-21 02:32:14,047 - database - INFO - Successfully connected to SQLite DB: /app/uploads/20250621_022923_Car_Database.db
2025-06-21 02:32:17,080 - database - INFO - Successfully connected to SQLite DB: /app/uploads/20250621_022923_Car_Database.db
2025-06-21 02:32:17,081 - database - INFO - Retrieved 11 tables for database: 20250621_022923_Car_Database.db
2025-06-21 02:32:20,334 - upload - INFO - File saved: 20250621_023220_Database1_be.accdb (original: Database1_be.accdb, size: 983040)
2025-06-21 02:32:20,355 - database - INFO - Successfully connected to Access DB: /app/uploads/20250621_023220_Database1_be.accdb
2025-06-21 02:32:20,362 - upload - INFO - Database uploaded successfully: 20250621_023220_Database1_be.accdb
2025-06-21 02:32:20,391 - database - INFO - Successfully connected to Access DB: /app/uploads/20250621_023220_Database1_be.accdb
2025-06-21 02:32:20,419 - database - INFO - Successfully connected to Access DB: /app/uploads/20250621_023220_Database1_be.accdb
2025-06-21 02:32:20,427 - database - INFO - Retrieved 10 tables for database: 20250621_023220_Database1_be.accdb
2025-06-21 02:32:23,294 - dbviewer - ERROR - Error viewing table: can only concatenate str (not "int") to str
2025-06-21 02:32:24,692 - dbviewer - ERROR - Error viewing table: can only concatenate str (not "int") to str
2025-06-21 02:32:31,459 - database - INFO - Successfully connected to Access DB: /app/uploads/20250621_023220_Database1_be.accdb
2025-06-21 02:32:31,495 - dbviewer - ERROR - Error viewing table: can only concatenate str (not "int") to str
2025-06-21 02:32:43,878 - dbviewer - ERROR - Error viewing table: can only concatenate str (not "int") to str
2025-06-21 02:34:55,778 - database - INFO - Successfully connected to SQLite DB: /app/uploads/20250621_022923_Car_Database.db
2025-06-21 02:34:55,788 - database - INFO - Successfully connected to Access DB: /app/uploads/20250621_023220_Database1_be.accdb
2025-06-21 02:34:58,738 - database - INFO - Successfully connected to Access DB: /app/uploads/20250621_023220_Database1_be.accdb
2025-06-21 02:34:58,744 - database - INFO - Retrieved 10 tables for database: 20250621_023220_Database1_be.accdb
2025-06-21 02:34:59,648 - database - INFO - Successfully connected to Access DB: /app/uploads/20250621_023220_Database1_be.accdb
2025-06-21 02:34:59,673 - dbviewer - ERROR - Error viewing table: can only concatenate str (not "int") to str
2025-06-21 02:35:01,028 - database - INFO - Successfully connected to Access DB: /app/uploads/20250621_023220_Database1_be.accdb
2025-06-21 02:35:01,062 - dbviewer - ERROR - Error viewing table: can only concatenate str (not "int") to str
2025-06-21 02:39:39,011 - database - INFO - Successfully connected to SQLite DB: /app/uploads/20250621_022923_Car_Database.db
2025-06-21 02:39:39,020 - database - INFO - Successfully connected to Access DB: /app/uploads/20250621_023220_Database1_be.accdb
2025-06-21 02:39:42,024 - database - INFO - Successfully connected to Access DB: /app/uploads/20250621_023220_Database1_be.accdb
2025-06-21 02:39:42,029 - database - INFO - Retrieved 10 tables for database: 20250621_023220_Database1_be.accdb
2025-06-21 02:39:43,071 - dbviewer - INFO - VIEW_TABLE: Entered for db='20250621_023220_Database1_be.accdb', table='Employees'
2025-06-21 02:39:43,081 - database - INFO - Successfully connected to Access DB: /app/uploads/20250621_023220_Database1_be.accdb
2025-06-21 02:39:43,106 - dbviewer - ERROR - Error viewing table: can only concatenate str (not "int") to str
Traceback (most recent call last):
  File "/app/dbviewer.py", line 952, in view_table
    total_pages = (total_count + per_page - 1) // per_page
TypeError: can only concatenate str (not "int") to str
2025-06-21 02:41:24,206 - database - INFO - Successfully connected to SQLite DB: /app/uploads/20250621_022923_Car_Database.db
2025-06-21 02:41:24,216 - database - INFO - Successfully connected to Access DB: /app/uploads/20250621_023220_Database1_be.accdb
2025-06-21 02:41:27,754 - database - INFO - Successfully connected to Access DB: /app/uploads/20250621_023220_Database1_be.accdb
2025-06-21 02:41:27,760 - database - INFO - Retrieved 10 tables for database: 20250621_023220_Database1_be.accdb
2025-06-21 02:41:28,693 - dbviewer - INFO - VIEW_TABLE: Entered for db='20250621_023220_Database1_be.accdb', table='NorthwindFeatures'
2025-06-21 02:41:28,736 - dbviewer - ERROR - Error viewing table: can only concatenate str (not "int") to str
Traceback (most recent call last):
  File "/app/dbviewer.py", line 937, in view_table
    total_pages = (total_count + per_page - 1) // per_page
TypeError: can only concatenate str (not "int") to str
2025-06-21 02:41:29,806 - dbviewer - INFO - VIEW_TABLE: Entered for db='20250621_023220_Database1_be.accdb', table='Employees'
2025-06-21 02:41:29,836 - dbviewer - ERROR - Error viewing table: can only concatenate str (not "int") to str
Traceback (most recent call last):
  File "/app/dbviewer.py", line 937, in view_table
    total_pages = (total_count + per_page - 1) // per_page
TypeError: can only concatenate str (not "int") to str
2025-06-21 02:41:30,705 - dbviewer - INFO - VIEW_TABLE: Entered for db='20250621_023220_Database1_be.accdb', table='Customers'
2025-06-21 02:41:30,733 - dbviewer - ERROR - Error viewing table: can only concatenate str (not "int") to str
Traceback (most recent call last):
  File "/app/dbviewer.py", line 937, in view_table
    total_pages = (total_count + per_page - 1) // per_page
TypeError: can only concatenate str (not "int") to str
2025-06-21 02:43:42,409 - database - INFO - Successfully connected to SQLite DB: /app/uploads/20250621_022923_Car_Database.db
2025-06-21 02:43:42,428 - database - INFO - Successfully connected to Access DB: /app/uploads/20250621_023220_Database1_be.accdb
2025-06-21 02:43:44,830 - database - INFO - Successfully connected to SQLite DB: /app/uploads/20250621_022923_Car_Database.db
2025-06-21 02:43:44,831 - database - INFO - Retrieved 11 tables for database: 20250621_022923_Car_Database.db
2025-06-21 02:43:45,987 - dbviewer - INFO - VIEW_TABLE: Entered for db='20250621_022923_Car_Database.db', table='Car_Options'
2025-06-21 02:43:45,993 - database - INFO - Successfully connected to SQLite DB: /app/uploads/20250621_022923_Car_Database.db
2025-06-21 02:43:45,996 - dbviewer - INFO - VIEW_TABLE: Successfully processed request. Returning JSON.
2025-06-21 02:43:47,330 - dbviewer - INFO - VIEW_TABLE: Entered for db='20250621_022923_Car_Database.db', table='Car_Parts'
2025-06-21 02:43:47,333 - dbviewer - INFO - VIEW_TABLE: Successfully processed request. Returning JSON.
2025-06-21 02:43:49,917 - database - INFO - Successfully connected to Access DB: /app/uploads/20250621_023220_Database1_be.accdb
2025-06-21 02:43:49,923 - database - INFO - Retrieved 10 tables for database: 20250621_023220_Database1_be.accdb
2025-06-21 02:43:50,794 - dbviewer - INFO - VIEW_TABLE: Entered for db='20250621_023220_Database1_be.accdb', table='Customers'
2025-06-21 02:43:50,826 - dbviewer - INFO - VIEW_TABLE: Successfully processed request. Returning JSON.
2025-06-21 02:43:51,903 - dbviewer - INFO - VIEW_TABLE: Entered for db='20250621_023220_Database1_be.accdb', table='Employees'
2025-06-21 02:43:51,937 - dbviewer - INFO - VIEW_TABLE: Successfully processed request. Returning JSON.
2025-06-21 02:43:52,787 - dbviewer - INFO - VIEW_TABLE: Entered for db='20250621_023220_Database1_be.accdb', table='OrderDetails'
2025-06-21 02:43:52,817 - dbviewer - INFO - VIEW_TABLE: Successfully processed request. Returning JSON.
2025-06-21 02:43:58,965 - dbviewer - INFO - VIEW_TABLE: Entered for db='20250621_023220_Database1_be.accdb', table='Employees'
2025-06-21 02:43:58,998 - dbviewer - INFO - VIEW_TABLE: Successfully processed request. Returning JSON.
2025-06-21 02:44:00,736 - dbviewer - INFO - VIEW_TABLE: Entered for db='20250621_023220_Database1_be.accdb', table='NorthwindFeatures'
2025-06-21 02:44:00,777 - dbviewer - INFO - VIEW_TABLE: Successfully processed request. Returning JSON.
2025-06-21 02:44:09,053 - dbviewer - INFO - VIEW_TABLE: Entered for db='20250621_023220_Database1_be.accdb', table='Employees'
2025-06-21 02:44:09,064 - database - INFO - Successfully connected to Access DB: /app/uploads/20250621_023220_Database1_be.accdb
2025-06-21 02:44:09,090 - dbviewer - INFO - VIEW_TABLE: Successfully processed request. Returning JSON.
2025-06-21 02:44:11,647 - dbviewer - INFO - VIEW_TABLE: Entered for db='20250621_023220_Database1_be.accdb', table='NorthwindFeatures'
2025-06-21 02:44:11,686 - dbviewer - INFO - VIEW_TABLE: Successfully processed request. Returning JSON.
2025-06-21 02:44:12,545 - dbviewer - INFO - VIEW_TABLE: Entered for db='20250621_023220_Database1_be.accdb', table='OrderDetails'
2025-06-21 02:44:12,555 - database - INFO - Successfully connected to Access DB: /app/uploads/20250621_023220_Database1_be.accdb
2025-06-21 02:44:12,582 - dbviewer - INFO - VIEW_TABLE: Successfully processed request. Returning JSON.
2025-06-21 02:44:35,997 - dbviewer - INFO - VIEW_TABLE: Entered for db='20250621_023220_Database1_be.accdb', table='OrderStatus'
2025-06-21 02:44:36,027 - dbviewer - INFO - VIEW_TABLE: Successfully processed request. Returning JSON.
2025-06-21 02:46:48,939 - database - INFO - Successfully connected to SQLite DB: /app/uploads/20250621_022923_Car_Database.db
2025-06-21 02:46:48,958 - database - INFO - Successfully connected to Access DB: /app/uploads/20250621_023220_Database1_be.accdb
2025-06-21 02:46:51,863 - database - INFO - Successfully connected to SQLite DB: /app/uploads/20250621_022923_Car_Database.db
2025-06-21 02:46:51,864 - database - INFO - Retrieved 11 tables for database: 20250621_022923_Car_Database.db
2025-06-21 02:46:54,801 - database - INFO - Retrieved 10 tables for database: 20250621_023220_Database1_be.accdb
2025-06-21 02:46:56,009 - dbviewer - INFO - VIEW_TABLE: Entered for db='20250621_023220_Database1_be.accdb', table='OrderDetails'
2025-06-21 02:46:56,019 - database - INFO - Successfully connected to Access DB: /app/uploads/20250621_023220_Database1_be.accdb
2025-06-21 02:46:56,046 - dbviewer - INFO - VIEW_TABLE: Successfully processed request. Returning JSON.
2025-06-21 02:53:34,103 - database - INFO - Successfully connected to SQLite DB: /app/uploads/20250621_022923_Car_Database.db
2025-06-21 02:53:34,115 - database - INFO - Successfully connected to Access DB: /app/uploads/20250621_023220_Database1_be.accdb
2025-06-21 02:53:39,988 - database - INFO - Successfully connected to SQLite DB: /app/uploads/20250621_022923_Car_Database.db
2025-06-21 02:53:39,989 - database - INFO - Retrieved 11 tables for database: 20250621_022923_Car_Database.db
2025-06-21 02:53:45,485 - dbviewer - INFO - VIEW_TABLE: Entered for db='20250621_022923_Car_Database.db', table='Car_Vins'
2025-06-21 02:53:45,489 - dbviewer - INFO - VIEW_TABLE: Successfully processed request. Returning JSON.
2025-06-21 02:53:46,834 - dbviewer - INFO - VIEW_TABLE: Entered for db='20250621_022923_Car_Database.db', table='Customer_Ownership'
2025-06-21 02:53:46,838 - dbviewer - INFO - VIEW_TABLE: Successfully processed request. Returning JSON.
2025-06-21 02:53:50,003 - database - INFO - Retrieved 10 tables for database: 20250621_023220_Database1_be.accdb
2025-06-21 02:53:51,881 - dbviewer - INFO - VIEW_TABLE: Entered for db='20250621_023220_Database1_be.accdb', table='OrderDetails'
2025-06-21 02:53:51,891 - database - INFO - Successfully connected to Access DB: /app/uploads/20250621_023220_Database1_be.accdb
2025-06-21 02:53:51,918 - dbviewer - INFO - VIEW_TABLE: Successfully processed request. Returning JSON.
2025-06-21 02:54:38,135 - dbviewer - INFO - VIEW_TABLE: Entered for db='20250621_023220_Database1_be.accdb', table='Employees'
2025-06-21 02:54:38,147 - database - INFO - Successfully connected to Access DB: /app/uploads/20250621_023220_Database1_be.accdb
2025-06-21 02:54:38,172 - dbviewer - INFO - VIEW_TABLE: Successfully processed request. Returning JSON.
2025-06-21 02:54:43,227 - dbviewer - INFO - VIEW_TABLE: Entered for db='20250621_023220_Database1_be.accdb', table='OrderStatus'
2025-06-21 02:54:43,257 - dbviewer - INFO - VIEW_TABLE: Successfully processed request. Returning JSON.
2025-06-21 02:54:45,616 - dbviewer - INFO - VIEW_TABLE: Entered for db='20250621_023220_Database1_be.accdb', table='Orders'
2025-06-21 02:54:45,647 - dbviewer - INFO - VIEW_TABLE: Successfully processed request. Returning JSON.
2025-06-21 02:54:54,424 - dbviewer - INFO - VIEW_TABLE: Entered for db='20250621_023220_Database1_be.accdb', table='Products'
2025-06-21 02:54:54,475 - dbviewer - INFO - VIEW_TABLE: Successfully processed request. Returning JSON.
2025-06-21 02:54:58,397 - database - INFO - Retrieved 11 tables for database: 20250621_022923_Car_Database.db
2025-06-21 02:55:00,134 - dbviewer - INFO - VIEW_TABLE: Entered for db='20250621_022923_Car_Database.db', table='Brands'
2025-06-21 02:55:00,137 - dbviewer - INFO - VIEW_TABLE: Successfully processed request. Returning JSON.
2025-06-21 02:55:01,575 - dbviewer - INFO - VIEW_TABLE: Entered for db='20250621_022923_Car_Database.db', table='Car_Parts'
2025-06-21 02:55:01,579 - dbviewer - INFO - VIEW_TABLE: Successfully processed request. Returning JSON.
2025-06-21 02:55:05,682 - dbviewer - INFO - VIEW_TABLE: Entered for db='20250621_022923_Car_Database.db', table='Customer_Ownership'
2025-06-21 02:55:05,686 - dbviewer - INFO - VIEW_TABLE: Successfully processed request. Returning JSON.
